{"C:\\Users\\CHARLTON\\Desktop\\MICROVERSE\\Module Two\\To-Do-list\\src\\check.js": {"path":"C:\\Users\\CHARLTON\\Desktop\\MICROVERSE\\Module Two\\To-Do-list\\src\\check.js","statementMap":{"0":{"start":{"line":3,"column":21},"end":{"line":7,"column":1}},"1":{"start":{"line":4,"column":19},"end":{"line":4,"column":57}},"2":{"start":{"line":4,"column":39},"end":{"line":4,"column":56}},"3":{"start":{"line":5,"column":2},"end":{"line":5,"column":43}},"4":{"start":{"line":6,"column":2},"end":{"line":6,"column":53}},"5":{"start":{"line":9,"column":30},"end":{"line":20,"column":1}},"6":{"start":{"line":10,"column":21},"end":{"line":15,"column":4}},"7":{"start":{"line":11,"column":4},"end":{"line":13,"column":5}},"8":{"start":{"line":12,"column":6},"end":{"line":12,"column":18}},"9":{"start":{"line":14,"column":4},"end":{"line":14,"column":17}},"10":{"start":{"line":16,"column":2},"end":{"line":18,"column":5}},"11":{"start":{"line":17,"column":4},"end":{"line":17,"column":19}},"12":{"start":{"line":19,"column":2},"end":{"line":19,"column":20}}},"fnMap":{"0":{"name":"(anonymous_0)","decl":{"start":{"line":3,"column":21},"end":{"line":3,"column":22}},"loc":{"start":{"line":3,"column":35},"end":{"line":7,"column":1}},"line":3},"1":{"name":"(anonymous_1)","decl":{"start":{"line":4,"column":29},"end":{"line":4,"column":30}},"loc":{"start":{"line":4,"column":39},"end":{"line":4,"column":56}},"line":4},"2":{"name":"(anonymous_2)","decl":{"start":{"line":9,"column":30},"end":{"line":9,"column":31}},"loc":{"start":{"line":9,"column":40},"end":{"line":20,"column":1}},"line":9},"3":{"name":"(anonymous_3)","decl":{"start":{"line":10,"column":33},"end":{"line":10,"column":34}},"loc":{"start":{"line":10,"column":43},"end":{"line":15,"column":3}},"line":10},"4":{"name":"(anonymous_4)","decl":{"start":{"line":16,"column":21},"end":{"line":16,"column":22}},"loc":{"start":{"line":16,"column":34},"end":{"line":18,"column":3}},"line":16}},"branchMap":{"0":{"loc":{"start":{"line":11,"column":4},"end":{"line":13,"column":5}},"type":"if","locations":[{"start":{"line":11,"column":4},"end":{"line":13,"column":5}},{"start":{},"end":{}}],"line":11}},"s":{"0":2,"1":2,"2":3,"3":2,"4":2,"5":2,"6":2,"7":4,"8":0,"9":4,"10":2,"11":0,"12":2},"f":{"0":2,"1":3,"2":2,"3":4,"4":0},"b":{"0":[0,4]},"_coverageSchema":"1a1c01bbd47fc00a2c39e90264f33305004495a9","hash":"99656a10508ae160940b43da015bd1fc4710a8bb"}
,"C:\\Users\\CHARLTON\\Desktop\\MICROVERSE\\Module Two\\To-Do-list\\src\\todo.js": {"path":"C:\\Users\\CHARLTON\\Desktop\\MICROVERSE\\Module Two\\To-Do-list\\src\\todo.js","statementMap":{"0":{"start":{"line":4,"column":13},"end":{"line":4,"column":18}},"1":{"start":{"line":5,"column":13},"end":{"line":5,"column":17}},"2":{"start":{"line":8,"column":19},"end":{"line":16,"column":3}},"3":{"start":{"line":10,"column":4},"end":{"line":14,"column":5}},"4":{"start":{"line":11,"column":6},"end":{"line":11,"column":16}},"5":{"start":{"line":13,"column":6},"end":{"line":13,"column":54}},"6":{"start":{"line":15,"column":4},"end":{"line":15,"column":16}},"7":{"start":{"line":18,"column":26},"end":{"line":26,"column":3}},"8":{"start":{"line":19,"column":18},"end":{"line":19,"column":53}},"9":{"start":{"line":20,"column":4},"end":{"line":25,"column":7}},"10":{"start":{"line":21,"column":6},"end":{"line":24,"column":9}},"11":{"start":{"line":22,"column":8},"end":{"line":22,"column":28}},"12":{"start":{"line":23,"column":8},"end":{"line":23,"column":27}},"13":{"start":{"line":28,"column":22},"end":{"line":43,"column":3}},"14":{"start":{"line":29,"column":18},"end":{"line":29,"column":35}},"15":{"start":{"line":30,"column":22},"end":{"line":30,"column":63}},"16":{"start":{"line":31,"column":4},"end":{"line":42,"column":7}},"17":{"start":{"line":32,"column":23},"end":{"line":32,"column":61}},"18":{"start":{"line":32,"column":44},"end":{"line":32,"column":60}},"19":{"start":{"line":33,"column":6},"end":{"line":41,"column":9}},"20":{"start":{"line":34,"column":8},"end":{"line":34,"column":28}},"21":{"start":{"line":35,"column":8},"end":{"line":39,"column":9}},"22":{"start":{"line":36,"column":10},"end":{"line":36,"column":72}},"23":{"start":{"line":38,"column":10},"end":{"line":38,"column":64}},"24":{"start":{"line":40,"column":8},"end":{"line":40,"column":24}},"25":{"start":{"line":45,"column":22},"end":{"line":55,"column":3}},"26":{"start":{"line":46,"column":18},"end":{"line":46,"column":35}},"27":{"start":{"line":47,"column":4},"end":{"line":47,"column":24}},"28":{"start":{"line":48,"column":4},"end":{"line":52,"column":7}},"29":{"start":{"line":49,"column":6},"end":{"line":51,"column":7}},"30":{"start":{"line":50,"column":8},"end":{"line":50,"column":24}},"31":{"start":{"line":53,"column":4},"end":{"line":53,"column":56}},"32":{"start":{"line":54,"column":4},"end":{"line":54,"column":25}},"33":{"start":{"line":57,"column":20},"end":{"line":85,"column":3}},"34":{"start":{"line":58,"column":22},"end":{"line":58,"column":59}},"35":{"start":{"line":59,"column":18},"end":{"line":59,"column":21}},"36":{"start":{"line":60,"column":4},"end":{"line":80,"column":7}},"37":{"start":{"line":61,"column":24},"end":{"line":61,"column":57}},"38":{"start":{"line":62,"column":6},"end":{"line":79,"column":12}},"39":{"start":{"line":81,"column":4},"end":{"line":81,"column":34}},"40":{"start":{"line":82,"column":4},"end":{"line":82,"column":26}},"41":{"start":{"line":83,"column":4},"end":{"line":83,"column":21}},"42":{"start":{"line":84,"column":4},"end":{"line":84,"column":22}},"43":{"start":{"line":87,"column":19},"end":{"line":109,"column":3}},"44":{"start":{"line":88,"column":17},"end":{"line":88,"column":59}},"45":{"start":{"line":89,"column":4},"end":{"line":108,"column":5}},"46":{"start":{"line":90,"column":20},"end":{"line":90,"column":37}},"47":{"start":{"line":91,"column":23},"end":{"line":91,"column":70}},"48":{"start":{"line":92,"column":24},"end":{"line":92,"column":65}},"49":{"start":{"line":94,"column":6},"end":{"line":103,"column":7}},"50":{"start":{"line":95,"column":27},"end":{"line":95,"column":72}},"51":{"start":{"line":95,"column":55},"end":{"line":95,"column":71}},"52":{"start":{"line":96,"column":8},"end":{"line":96,"column":45}},"53":{"start":{"line":97,"column":8},"end":{"line":97,"column":60}},"54":{"start":{"line":98,"column":8},"end":{"line":98,"column":29}},"55":{"start":{"line":99,"column":8},"end":{"line":99,"column":23}},"56":{"start":{"line":100,"column":8},"end":{"line":100,"column":22}},"57":{"start":{"line":101,"column":8},"end":{"line":101,"column":56}},"58":{"start":{"line":102,"column":8},"end":{"line":102,"column":15}},"59":{"start":{"line":104,"column":6},"end":{"line":104,"column":27}},"60":{"start":{"line":105,"column":6},"end":{"line":105,"column":58}},"61":{"start":{"line":106,"column":6},"end":{"line":106,"column":27}},"62":{"start":{"line":107,"column":6},"end":{"line":107,"column":54}},"63":{"start":{"line":111,"column":20},"end":{"line":117,"column":3}},"64":{"start":{"line":112,"column":18},"end":{"line":112,"column":35}},"65":{"start":{"line":113,"column":21},"end":{"line":113,"column":62}},"66":{"start":{"line":113,"column":49},"end":{"line":113,"column":61}},"67":{"start":{"line":114,"column":4},"end":{"line":114,"column":63}},"68":{"start":{"line":115,"column":4},"end":{"line":115,"column":18}},"69":{"start":{"line":116,"column":4},"end":{"line":116,"column":16}},"70":{"start":{"line":119,"column":21},"end":{"line":127,"column":3}},"71":{"start":{"line":120,"column":23},"end":{"line":120,"column":61}},"72":{"start":{"line":121,"column":4},"end":{"line":126,"column":7}},"73":{"start":{"line":122,"column":6},"end":{"line":125,"column":9}},"74":{"start":{"line":123,"column":8},"end":{"line":123,"column":28}},"75":{"start":{"line":124,"column":8},"end":{"line":124,"column":25}}},"fnMap":{"0":{"name":"(anonymous_0)","decl":{"start":{"line":8,"column":19},"end":{"line":8,"column":20}},"loc":{"start":{"line":8,"column":25},"end":{"line":16,"column":3}},"line":8},"1":{"name":"(anonymous_1)","decl":{"start":{"line":18,"column":26},"end":{"line":18,"column":27}},"loc":{"start":{"line":18,"column":32},"end":{"line":26,"column":3}},"line":18},"2":{"name":"(anonymous_2)","decl":{"start":{"line":20,"column":18},"end":{"line":20,"column":19}},"loc":{"start":{"line":20,"column":31},"end":{"line":25,"column":5}},"line":20},"3":{"name":"(anonymous_3)","decl":{"start":{"line":21,"column":37},"end":{"line":21,"column":38}},"loc":{"start":{"line":21,"column":45},"end":{"line":24,"column":7}},"line":21},"4":{"name":"(anonymous_4)","decl":{"start":{"line":28,"column":22},"end":{"line":28,"column":23}},"loc":{"start":{"line":28,"column":28},"end":{"line":43,"column":3}},"line":28},"5":{"name":"(anonymous_5)","decl":{"start":{"line":31,"column":22},"end":{"line":31,"column":23}},"loc":{"start":{"line":31,"column":35},"end":{"line":42,"column":5}},"line":31},"6":{"name":"(anonymous_6)","decl":{"start":{"line":32,"column":34},"end":{"line":32,"column":35}},"loc":{"start":{"line":32,"column":44},"end":{"line":32,"column":60}},"line":32},"7":{"name":"(anonymous_7)","decl":{"start":{"line":33,"column":38},"end":{"line":33,"column":39}},"loc":{"start":{"line":33,"column":46},"end":{"line":41,"column":7}},"line":33},"8":{"name":"(anonymous_8)","decl":{"start":{"line":45,"column":22},"end":{"line":45,"column":23}},"loc":{"start":{"line":45,"column":30},"end":{"line":55,"column":3}},"line":45},"9":{"name":"(anonymous_9)","decl":{"start":{"line":48,"column":18},"end":{"line":48,"column":19}},"loc":{"start":{"line":48,"column":28},"end":{"line":52,"column":5}},"line":48},"10":{"name":"(anonymous_10)","decl":{"start":{"line":57,"column":20},"end":{"line":57,"column":21}},"loc":{"start":{"line":57,"column":30},"end":{"line":85,"column":3}},"line":57},"11":{"name":"(anonymous_11)","decl":{"start":{"line":60,"column":17},"end":{"line":60,"column":18}},"loc":{"start":{"line":60,"column":30},"end":{"line":80,"column":5}},"line":60},"12":{"name":"(anonymous_12)","decl":{"start":{"line":87,"column":19},"end":{"line":87,"column":20}},"loc":{"start":{"line":87,"column":25},"end":{"line":109,"column":3}},"line":87},"13":{"name":"(anonymous_13)","decl":{"start":{"line":95,"column":38},"end":{"line":95,"column":39}},"loc":{"start":{"line":95,"column":55},"end":{"line":95,"column":71}},"line":95},"14":{"name":"(anonymous_14)","decl":{"start":{"line":111,"column":20},"end":{"line":111,"column":21}},"loc":{"start":{"line":111,"column":28},"end":{"line":117,"column":3}},"line":111},"15":{"name":"(anonymous_15)","decl":{"start":{"line":113,"column":32},"end":{"line":113,"column":33}},"loc":{"start":{"line":113,"column":49},"end":{"line":113,"column":61}},"line":113},"16":{"name":"(anonymous_16)","decl":{"start":{"line":119,"column":21},"end":{"line":119,"column":22}},"loc":{"start":{"line":119,"column":27},"end":{"line":127,"column":3}},"line":119},"17":{"name":"(anonymous_17)","decl":{"start":{"line":121,"column":23},"end":{"line":121,"column":24}},"loc":{"start":{"line":121,"column":36},"end":{"line":126,"column":5}},"line":121},"18":{"name":"(anonymous_18)","decl":{"start":{"line":122,"column":37},"end":{"line":122,"column":38}},"loc":{"start":{"line":122,"column":45},"end":{"line":125,"column":7}},"line":122}},"branchMap":{"0":{"loc":{"start":{"line":10,"column":4},"end":{"line":14,"column":5}},"type":"if","locations":[{"start":{"line":10,"column":4},"end":{"line":14,"column":5}},{"start":{"line":12,"column":11},"end":{"line":14,"column":5}}],"line":10},"1":{"loc":{"start":{"line":35,"column":8},"end":{"line":39,"column":9}},"type":"if","locations":[{"start":{"line":35,"column":8},"end":{"line":39,"column":9}},{"start":{"line":37,"column":15},"end":{"line":39,"column":9}}],"line":35},"2":{"loc":{"start":{"line":49,"column":6},"end":{"line":51,"column":7}},"type":"if","locations":[{"start":{"line":49,"column":6},"end":{"line":51,"column":7}},{"start":{},"end":{}}],"line":49},"3":{"loc":{"start":{"line":61,"column":24},"end":{"line":61,"column":57}},"type":"cond-expr","locations":[{"start":{"line":61,"column":41},"end":{"line":61,"column":52}},{"start":{"line":61,"column":55},"end":{"line":61,"column":57}}],"line":61},"4":{"loc":{"start":{"line":89,"column":4},"end":{"line":108,"column":5}},"type":"if","locations":[{"start":{"line":89,"column":4},"end":{"line":108,"column":5}},{"start":{},"end":{}}],"line":89},"5":{"loc":{"start":{"line":94,"column":6},"end":{"line":103,"column":7}},"type":"if","locations":[{"start":{"line":94,"column":6},"end":{"line":103,"column":7}},{"start":{},"end":{}}],"line":94}},"s":{"0":2,"1":2,"2":2,"3":16,"4":2,"5":14,"6":16,"7":2,"8":8,"9":8,"10":5,"11":0,"12":0,"13":2,"14":8,"15":8,"16":8,"17":5,"18":5,"19":5,"20":0,"21":0,"22":0,"23":0,"24":0,"25":2,"26":5,"27":5,"28":5,"29":3,"30":2,"31":5,"32":5,"33":2,"34":8,"35":8,"36":8,"37":5,"38":5,"39":8,"40":8,"41":8,"42":8,"43":2,"44":2,"45":2,"46":2,"47":2,"48":2,"49":2,"50":0,"51":0,"52":0,"53":0,"54":0,"55":0,"56":0,"57":0,"58":0,"59":2,"60":2,"61":2,"62":2,"63":2,"64":1,"65":1,"66":1,"67":1,"68":1,"69":1,"70":2,"71":8,"72":8,"73":5,"74":0,"75":0},"f":{"0":16,"1":8,"2":5,"3":0,"4":8,"5":5,"6":5,"7":0,"8":5,"9":3,"10":8,"11":5,"12":2,"13":0,"14":1,"15":1,"16":8,"17":5,"18":0},"b":{"0":[2,14],"1":[0,0],"2":[2,1],"3":[0,5],"4":[2,0],"5":[0,2]},"_coverageSchema":"1a1c01bbd47fc00a2c39e90264f33305004495a9","hash":"2b0416fdeae4c36c9ed7ca0119374bfd72e71b9c"}
}
