TN:
SF:src\check.js
FN:3,(anonymous_0)
FN:4,(anonymous_1)
FN:9,(anonymous_2)
FN:10,(anonymous_3)
FN:16,(anonymous_4)
FNF:5
FNH:4
FNDA:2,(anonymous_0)
FNDA:3,(anonymous_1)
FNDA:2,(anonymous_2)
FNDA:4,(anonymous_3)
FNDA:0,(anonymous_4)
DA:3,2
DA:4,3
DA:5,2
DA:6,2
DA:9,2
DA:10,2
DA:11,4
DA:12,0
DA:14,4
DA:16,2
DA:17,0
DA:19,2
LF:12
LH:10
BRDA:11,0,0,0
BRDA:11,0,1,4
BRF:2
BRH:1
end_of_record
TN:
SF:src\todo.js
FN:8,(anonymous_0)
FN:18,(anonymous_1)
FN:20,(anonymous_2)
FN:21,(anonymous_3)
FN:28,(anonymous_4)
FN:31,(anonymous_5)
FN:32,(anonymous_6)
FN:33,(anonymous_7)
FN:45,(anonymous_8)
FN:48,(anonymous_9)
FN:57,(anonymous_10)
FN:60,(anonymous_11)
FN:87,(anonymous_12)
FN:95,(anonymous_13)
FN:111,(anonymous_14)
FN:113,(anonymous_15)
FN:119,(anonymous_16)
FN:121,(anonymous_17)
FN:122,(anonymous_18)
FNF:19
FNH:15
FNDA:16,(anonymous_0)
FNDA:8,(anonymous_1)
FNDA:5,(anonymous_2)
FNDA:0,(anonymous_3)
FNDA:8,(anonymous_4)
FNDA:5,(anonymous_5)
FNDA:5,(anonymous_6)
FNDA:0,(anonymous_7)
FNDA:5,(anonymous_8)
FNDA:3,(anonymous_9)
FNDA:8,(anonymous_10)
FNDA:5,(anonymous_11)
FNDA:2,(anonymous_12)
FNDA:0,(anonymous_13)
FNDA:1,(anonymous_14)
FNDA:1,(anonymous_15)
FNDA:8,(anonymous_16)
FNDA:5,(anonymous_17)
FNDA:0,(anonymous_18)
DA:4,2
DA:5,2
DA:8,2
DA:10,16
DA:11,2
DA:13,14
DA:15,16
DA:18,2
DA:19,8
DA:20,8
DA:21,5
DA:22,0
DA:23,0
DA:28,2
DA:29,8
DA:30,8
DA:31,8
DA:32,5
DA:33,5
DA:34,0
DA:35,0
DA:36,0
DA:38,0
DA:40,0
DA:45,2
DA:46,5
DA:47,5
DA:48,5
DA:49,3
DA:50,2
DA:53,5
DA:54,5
DA:57,2
DA:58,8
DA:59,8
DA:60,8
DA:61,5
DA:62,5
DA:81,8
DA:82,8
DA:83,8
DA:84,8
DA:87,2
DA:88,2
DA:89,2
DA:90,2
DA:91,2
DA:92,2
DA:94,2
DA:95,0
DA:96,0
DA:97,0
DA:98,0
DA:99,0
DA:100,0
DA:101,0
DA:102,0
DA:104,2
DA:105,2
DA:106,2
DA:107,2
DA:111,2
DA:112,1
DA:113,1
DA:114,1
DA:115,1
DA:116,1
DA:119,2
DA:120,8
DA:121,8
DA:122,5
DA:123,0
DA:124,0
LF:73
LH:56
BRDA:10,0,0,2
BRDA:10,0,1,14
BRDA:35,1,0,0
BRDA:35,1,1,0
BRDA:49,2,0,2
BRDA:49,2,1,1
BRDA:61,3,0,0
BRDA:61,3,1,5
BRDA:89,4,0,2
BRDA:89,4,1,0
BRDA:94,5,0,0
BRDA:94,5,1,2
BRF:12
BRH:7
end_of_record
